usage: manage.py runserver [-h] [--version] [-v {0,1,2,3}]
                           [--settings SETTINGS] [--pythonpath PYTHONPATH]
                           [--traceback] [--no-color] [--ipv6] [--nothreading]
                           [--noreload]
                           [addrport]
manage.py runserver: error: unrecognized arguments: --insecure
Performing system checks...

System check identified no issues (0 silenced).
November 17, 2016 - 14:08:37
Django version 1.8.12, using settings 'project_peerloan.settings'
Starting development server at http://0.0.0.0:8080/
Quit the server with CONTROL-C.
[19/Dec/2016 19:01:49] "GET /borrow_now/ HTTP/1.1" 200 10527
[19/Dec/2016 19:01:49] "GET /djga/google-analytics/?&tracking_code=UA-87600922-1&p=%2Fborrow_now%2F&r=https%3A%2F%2Fplatform.zwap.hk%2Fborrow_now%2F HTTP/1.1" 200 42
[19/Dec/2016 19:01:49] "GET /header/borrow_now/ HTTP/1.1" 200 5643
[19/Dec/2016 19:01:49] "GET /static/favicon.ico HTTP/1.1" 200 15086
[19/Dec/2016 19:01:49] "GET /footer/ HTTP/1.1" 200 535
[19/Dec/2016 19:02:00] "GET /product/apply/?prod_id=3 HTTP/1.1" 200 48523
[19/Dec/2016 19:02:00] "GET /captcha/image/fda0d56b9b5e96200b931d4b487aa7822d63e8a4/ HTTP/1.1" 200 4710
[19/Dec/2016 19:02:00] "GET /djga/google-analytics/?&tracking_code=UA-87600922-1&p=%2Fproduct%2Fapply%2F&r=https%3A%2F%2Fplatform.zwap.hk%2Fborrow_now%2F HTTP/1.1" 200 42
[19/Dec/2016 19:02:01] "GET /header/borrow_now/ HTTP/1.1" 200 5643
[19/Dec/2016 19:02:01] "GET /footer/ HTTP/1.1" 200 535
[19/Dec/2016 19:02:03] "GET /borrow_now/ HTTP/1.1" 200 10546
[19/Dec/2016 19:02:03] "GET /djga/google-analytics/?&tracking_code=UA-87600922-1&p=%2Fborrow_now%2F&r=https%3A%2F%2Fplatform.zwap.hk%2Fproduct%2Fapply%2F%3Fprod_id%3D3 HTTP/1.1" 200 42
[19/Dec/2016 19:02:04] "GET /header/borrow_now/ HTTP/1.1" 200 5643
[19/Dec/2016 19:02:04] "GET /footer/ HTTP/1.1" 200 535
[19/Dec/2016 19:02:04] "GET /product/apply/?prod_id=2 HTTP/1.1" 200 50095
[19/Dec/2016 19:02:05] "GET /captcha/image/34620d3f07d52892dd0bb1af9391e8a67e1cdf39/ HTTP/1.1" 200 4690
[19/Dec/2016 19:02:05] "GET /djga/google-analytics/?&tracking_code=UA-87600922-1&p=%2Fproduct%2Fapply%2F&r=https%3A%2F%2Fplatform.zwap.hk%2Fborrow_now%2F HTTP/1.1" 200 42
[19/Dec/2016 19:02:05] "GET /header/borrow_now/ HTTP/1.1" 200 5643
[19/Dec/2016 19:02:05] "GET /footer/ HTTP/1.1" 200 535
[19/Dec/2016 19:03:27] "GET /product/apply/?prod_id=2 HTTP/1.1" 200 50095
[19/Dec/2016 19:03:27] "GET /captcha/image/6b65b26713eb73b231b3f888a698fc3dde6089e7/ HTTP/1.1" 200 4414
[19/Dec/2016 19:03:27] "GET /djga/google-analytics/?&tracking_code=UA-87600922-1&p=%2Fproduct%2Fapply%2F&r=https%3A%2F%2Fplatform.zwap.hk%2Fborrow_now%2F HTTP/1.1" 200 42
[19/Dec/2016 19:03:27] "GET /footer/ HTTP/1.1" 200 535
[19/Dec/2016 19:03:27] "GET /header/borrow_now/ HTTP/1.1" 200 5643
[19/Dec/2016 19:03:29] "GET /static/favicon.ico HTTP/1.1" 200 15086
[19/Dec/2016 19:06:58] "GET /product/apply/?prod_id=2 HTTP/1.1" 200 50046
[19/Dec/2016 19:06:58] "GET /captcha/image/e93f2c95c8ebec5683145fe3f4d77dda477a93ff/ HTTP/1.1" 200 4479
[19/Dec/2016 19:06:58] "GET /djga/google-analytics/?&tracking_code=UA-87600922-1&p=%2Fproduct%2Fapply%2F HTTP/1.1" 200 42
[19/Dec/2016 19:06:58] "GET /header/borrow_now/ HTTP/1.1" 200 5643
[19/Dec/2016 19:06:58] "GET /footer/ HTTP/1.1" 200 535
[19/Dec/2016 19:10:51] "GET /switch_role HTTP/1.1" 301 0
[19/Dec/2016 19:10:51] "GET /switch_role/ HTTP/1.1" 302 0
[19/Dec/2016 19:10:51] "GET /portfolio/portfolio_summary HTTP/1.1" 301 0
[19/Dec/2016 19:10:51] "GET /portfolio/portfolio_summary/ HTTP/1.1" 200 27362
[19/Dec/2016 19:10:51] "GET /djga/google-analytics/?&tracking_code=UA-87600922-1&p=%2Fportfolio%2Fportfolio_summary%2F&r=https%3A%2F%2Fplatform.zwap.hk%2Fborrow_now%2F HTTP/1.1" 200 42
[19/Dec/2016 19:10:52] "GET /footer HTTP/1.1" 301 0
[19/Dec/2016 19:10:52] "GET /header/portfolio/portfolio_summary HTTP/1.1" 200 7516
[19/Dec/2016 19:10:52] "GET /footer/ HTTP/1.1" 200 539
[19/Dec/2016 19:10:52] "GET /portfolio_pie_list_json/?date=12/2016 HTTP/1.1" 200 881
[19/Dec/2016 19:10:52] "GET /portfolio_line_list_json/?trend=Outstanding%20Balance&year=2016 HTTP/1.1" 200 265
[19/Dec/2016 19:10:55] "GET /investment/invest_now HTTP/1.1" 301 0
[19/Dec/2016 19:10:55] "GET /investment/invest_now/ HTTP/1.1" 200 26996
[19/Dec/2016 19:10:55] "GET /djga/google-analytics/?&tracking_code=UA-87600922-1&p=%2Finvestment%2Finvest_now%2F&r=https%3A%2F%2Fplatform.zwap.hk%2Fportfolio%2Fportfolio_summary%2F HTTP/1.1" 200 42
[19/Dec/2016 19:10:55] "GET /header/investment/invest_now HTTP/1.1" 200 7516
[19/Dec/2016 19:10:55] "GET /footer/ HTTP/1.1" 200 539
[19/Dec/2016 19:10:55] "GET /investedinv_list_json/?prod_id=all HTTP/1.1" 200 304
[19/Dec/2016 19:10:55] "GET /allocatedinv_list_json/?prod_id=all HTTP/1.1" 200 141
[19/Dec/2016 19:10:59] "GET /switch_role/ HTTP/1.1" 302 0
[19/Dec/2016 19:11:00] "GET /borrow_now HTTP/1.1" 301 0
[19/Dec/2016 19:11:00] "GET /borrow_now/ HTTP/1.1" 200 10540
[19/Dec/2016 19:11:00] "GET /djga/google-analytics/?&tracking_code=UA-87600922-1&p=%2Fborrow_now%2F&r=https%3A%2F%2Fplatform.zwap.hk%2Finvestment%2Finvest_now%2F HTTP/1.1" 200 42
[19/Dec/2016 19:11:00] "GET /header/borrow_now/ HTTP/1.1" 200 5643
[19/Dec/2016 19:11:00] "GET /footer/ HTTP/1.1" 200 535
[19/Dec/2016 19:14:51] "GET /product/apply/?prod_id=3 HTTP/1.1" 200 48613
[19/Dec/2016 19:14:51] "GET /static/peerloan/global/plugins/bootstrap-fileinput/bootstrap-fileinput.css HTTP/1.1" 304 0
[19/Dec/2016 19:14:51] "GET /static/peerloan/global/plugins/bootstrap-modal/css/bootstrap-modal-bs3patch.css HTTP/1.1" 200 735
[19/Dec/2016 19:14:51] "GET /static/peerloan/global/plugins/bootstrap-modal/css/bootstrap-modal.css HTTP/1.1" 200 4229
[19/Dec/2016 19:14:51] "GET /static/css-loaders-step2/css/load4.css HTTP/1.1" 200 2867
[19/Dec/2016 19:14:51] "GET /static/peerloan/global/plugins/bootstrap-modal/js/bootstrap-modalmanager.js HTTP/1.1" 200 11397
[19/Dec/2016 19:14:51] "GET /static/peerloan/global/plugins/bootstrap-modal/js/bootstrap-modal.js HTTP/1.1" 200 9659
[19/Dec/2016 19:14:51] "GET /static/peerloan/pages/scripts/form-validation-peerloan-en.js HTTP/1.1" 200 7422
[19/Dec/2016 19:14:51] "GET /static/peerloan/pages/scripts/ui-extended-modals.min.js HTTP/1.1" 200 1364
[19/Dec/2016 19:14:51] "GET /static/js-webshim/minified/polyfiller.js HTTP/1.1" 200 15937
[19/Dec/2016 19:14:51] "GET /captcha/image/4fd5b482b40d11131026c14e4d049055f7cdd3ba/ HTTP/1.1" 200 4224
[19/Dec/2016 19:14:51] "GET /djga/google-analytics/?&tracking_code=UA-87600922-1&p=%2Fproduct%2Fapply%2F&r=https%3A%2F%2Fplatform.zwap.hk%2Fborrow_now%2F HTTP/1.1" 200 42
[19/Dec/2016 19:14:51] "GET /static/js-webshim/minified/shims/styles/shim.css HTTP/1.1" 200 12229
[19/Dec/2016 19:14:51] "GET /static/js-webshim/minified/shims/form-core.js HTTP/1.1" 200 5600
[19/Dec/2016 19:14:51] "GET /header/borrow_now/ HTTP/1.1" 200 5643
[19/Dec/2016 19:14:51] "GET /footer/ HTTP/1.1" 200 535
[19/Dec/2016 19:14:53] "GET /static/js-webshim/minified/shims/form-validation.js HTTP/1.1" 200 17250
[19/Dec/2016 19:14:53] "GET /static/js-webshim/minified/shims/plugins/jquery.ui.position.js HTTP/1.1" 200 6495
[19/Dec/2016 19:15:40] "POST /product/apply/?prod_id=3 HTTP/1.1" 302 0
[19/Dec/2016 19:15:40] "GET /product/upload_docs/?prod_id=3 HTTP/1.1" 200 50715
[19/Dec/2016 19:15:41] "GET /djga/google-analytics/?&tracking_code=UA-87600922-1&p=%2Fproduct%2Fupload_docs%2F&r=https%3A%2F%2Fplatform.zwap.hk%2Fproduct%2Fapply%2F%3Fprod_id%3D3 HTTP/1.1" 200 42
[19/Dec/2016 19:15:41] "GET /header/borrow_now/ HTTP/1.1" 200 5643
[19/Dec/2016 19:15:41] "GET /footer/ HTTP/1.1" 200 535
[19/Dec/2016 19:16:27] "POST /ack/ HTTP/1.1" 302 0
[19/Dec/2016 19:16:27] "GET /product/confirm_agreement/?prod_id=3 HTTP/1.1" 200 23112
[19/Dec/2016 19:16:27] "GET /djga/google-analytics/?&tracking_code=UA-87600922-1&p=%2Fproduct%2Fconfirm_agreement%2F&r=https%3A%2F%2Fplatform.zwap.hk%2Fproduct%2Fupload_docs%2F%3Fprod_id%3D3 HTTP/1.1" 200 42
[19/Dec/2016 19:16:27] "GET /header/borrow_now/ HTTP/1.1" 200 5643
[19/Dec/2016 19:16:27] "GET /loan_agreement?bor_ref_num=LOA20161219001 HTTP/1.1" 301 0
[19/Dec/2016 19:16:27] "GET /footer/ HTTP/1.1" 200 535
[19/Dec/2016 19:16:27] "GET /loan_agreement/?bor_ref_num=LOA20161219001 HTTP/1.1" 200 15928
[19/Dec/2016 19:16:57] "POST /generate_OTP/ HTTP/1.1" 200 2
[19/Dec/2016 19:17:22] "POST /ack/ HTTP/1.1" 302 0
[19/Dec/2016 19:17:22] "GET /ack_page/?action=confirm_agreement HTTP/1.1" 200 8001
[19/Dec/2016 19:17:22] "GET /djga/google-analytics/?&tracking_code=UA-87600922-1&p=%2Fack_page%2F&r=https%3A%2F%2Fplatform.zwap.hk%2Fproduct%2Fconfirm_agreement%2F%3Fprod_id%3D3 HTTP/1.1" 200 42
[19/Dec/2016 19:17:22] "GET /header// HTTP/1.1" 200 5636
[19/Dec/2016 19:17:22] "GET /footer/ HTTP/1.1" 200 535
[19/Dec/2016 19:17:31] "GET /logout HTTP/1.1" 301 0
[19/Dec/2016 19:17:31] "GET /logout/ HTTP/1.1" 302 0
[19/Dec/2016 19:17:31] "GET /login HTTP/1.1" 301 0
[19/Dec/2016 19:17:31] "GET /login/ HTTP/1.1" 200 11287
[19/Dec/2016 19:17:31] "GET /djga/google-analytics/?&tracking_code=UA-87600922-1&p=%2Flogin%2F&r=https%3A%2F%2Fplatform.zwap.hk%2Fack_page%2F%3Faction%3Dconfirm_agreement HTTP/1.1" 200 42
[19/Dec/2016 19:17:32] "GET /login/pl_admin/ HTTP/1.1" 200 11222
[19/Dec/2016 19:17:32] "GET /djga/google-analytics/?&tracking_code=UA-87600922-1&p=%2Flogin%2Fpl_admin%2F HTTP/1.1" 200 42
[19/Dec/2016 19:17:41] "POST /auth/ HTTP/1.1" 302 0
[19/Dec/2016 19:17:41] "GET /pl_admin/application HTTP/1.1" 301 0
[19/Dec/2016 19:17:41] "GET /pl_admin/application/ HTTP/1.1" 200 13291
[19/Dec/2016 19:17:42] "GET /header/application/ HTTP/1.1" 200 8156
[19/Dec/2016 19:17:42] "GET /static/peerloan/pages/scripts/ui-modals.min.js?_=1482146503768 HTTP/1.1" 200 178
[19/Dec/2016 19:17:42] "GET /admin_bor_list_json/?cate=application&prod_id=all&status=all&_=1482146503767 HTTP/1.1" 200 2295
[19/Dec/2016 19:17:46] "GET /ptn_handler/?bor_id=6 HTTP/1.1" 200 2
[19/Dec/2016 19:17:46] "GET /admin_bor_list_json/?cate=application&prod_id=all&status=all&_=1482146503769 HTTP/1.1" 200 2293
[19/Dec/2016 19:17:46] "GET /header/application/ HTTP/1.1" 200 8155
[19/Dec/2016 19:17:46] "GET /static/peerloan/pages/scripts/ui-modals.min.js?_=1482146503770 HTTP/1.1" 200 178
[19/Dec/2016 19:17:52] "GET /pl_admin/application/detail/?bor_ref_num=LOA20161219001 HTTP/1.1" 200 91280
[19/Dec/2016 19:17:52] "GET /footer HTTP/1.1" 301 0
[19/Dec/2016 19:17:52] "GET /header/application/ HTTP/1.1" 200 8155
[19/Dec/2016 19:17:52] "GET /admin_aut_list_json/?usr_id=4&ref_id=6&model=BorrowRequest&type=BorrowRequest&_=1482146514584 HTTP/1.1" 200 549
[19/Dec/2016 19:17:52] "GET /footer/ HTTP/1.1" 500 4572
[19/Dec/2016 19:17:52] "GET /static/peerloan/pages/scripts/ui-modals.min.js?_=1482146514585 HTTP/1.1" 200 178
[19/Dec/2016 19:18:20] "GET /generate_pdf_file/?bor_id=6&doc_type=Loan%20Agreement HTTP/1.1" 200 245917
[19/Dec/2016 19:19:09] "POST /bor_handler/?action=checklist&bor_ref_num=LOA20161219001 HTTP/1.1" 200 36
[19/Dec/2016 19:19:20] "GET /logout HTTP/1.1" 301 0
[19/Dec/2016 19:19:20] "GET /logout/ HTTP/1.1" 302 0
[19/Dec/2016 19:19:20] "GET /login HTTP/1.1" 301 0
[19/Dec/2016 19:19:20] "GET /login/ HTTP/1.1" 200 11312
[19/Dec/2016 19:19:20] "GET /djga/google-analytics/?&tracking_code=UA-87600922-1&p=%2Flogin%2F&r=https%3A%2F%2Fplatform.zwap.hk%2Fpl_admin%2Fapplication%2Fdetail%2F%3Fbor_ref_num%3DLOA20161219001 HTTP/1.1" 200 42
[19/Dec/2016 19:19:24] "GET /login/pl_admin/ HTTP/1.1" 200 11222
[19/Dec/2016 19:19:24] "GET /djga/google-analytics/?&tracking_code=UA-87600922-1&p=%2Flogin%2Fpl_admin%2F HTTP/1.1" 200 42
[19/Dec/2016 19:19:32] "POST /auth/ HTTP/1.1" 302 0
[19/Dec/2016 19:19:32] "GET /pl_admin/application HTTP/1.1" 301 0
[19/Dec/2016 19:19:32] "GET /pl_admin/application/ HTTP/1.1" 200 13291
[19/Dec/2016 19:19:32] "GET /header/application/ HTTP/1.1" 200 8155
[19/Dec/2016 19:19:32] "GET /admin_bor_list_json/?cate=application&prod_id=all&status=all&_=1482146614620 HTTP/1.1" 200 2293
[19/Dec/2016 19:19:32] "GET /static/peerloan/pages/scripts/ui-modals.min.js?_=1482146614621 HTTP/1.1" 200 178
[19/Dec/2016 19:21:23] "GET /pl_admin/application/detail/?bor_ref_num=LOA20161219001 HTTP/1.1" 200 91320
[19/Dec/2016 19:21:24] "GET /header/application/ HTTP/1.1" 200 8155
[19/Dec/2016 19:21:24] "GET /admin_aut_list_json/?usr_id=4&ref_id=6&model=BorrowRequest&type=BorrowRequest&_=1482146726153 HTTP/1.1" 200 749
[19/Dec/2016 19:21:24] "GET /footer/ HTTP/1.1" 500 4572
[19/Dec/2016 19:21:24] "GET /static/peerloan/pages/scripts/ui-modals.min.js?_=1482146726154 HTTP/1.1" 200 178
[19/Dec/2016 19:21:49] "POST /ack_admin/?src=preface HTTP/1.1" 302 0
[19/Dec/2016 19:21:54] "GET /pl_admin/application/detail/?bor_ref_num=LOA20161219001 HTTP/1.1" 200 91318
[19/Dec/2016 19:21:55] "GET /header/application/ HTTP/1.1" 200 8155
[19/Dec/2016 19:21:55] "GET /admin_aut_list_json/?usr_id=4&ref_id=6&model=BorrowRequest&type=BorrowRequest&_=1482146756919 HTTP/1.1" 200 895
[19/Dec/2016 19:21:55] "GET /static/peerloan/pages/scripts/ui-modals.min.js?_=1482146756920 HTTP/1.1" 200 178
[19/Dec/2016 19:21:55] "GET /footer/ HTTP/1.1" 500 4572
[19/Dec/2016 20:19:58] "GET /login HTTP/1.1" 301 0
[19/Dec/2016 20:19:58] "GET /login/ HTTP/1.1" 200 11211
[19/Dec/2016 20:19:58] "GET /static/peerloan/global/plugins/font-awesome/css/font-awesome.min.css HTTP/1.1" 200 26711
[19/Dec/2016 20:19:58] "GET /static/peerloan/global/plugins/simple-line-icons/simple-line-icons.min.css HTTP/1.1" 200 9562
[19/Dec/2016 20:19:58] "GET /static/peerloan/global/plugins/bootstrap/css/bootstrap.min.css HTTP/1.1" 200 118204
[19/Dec/2016 20:19:58] "GET /static/peerloan/global/plugins/uniform/css/uniform.default.css HTTP/1.1" 200 10851
[19/Dec/2016 20:19:58] "GET /static/peerloan/global/plugins/bootstrap-switch/css/bootstrap-switch.min.css HTTP/1.1" 200 6457
[19/Dec/2016 20:19:58] "GET /static/peerloan/global/plugins/select2/css/select2.min.css HTTP/1.1" 200 14909
[19/Dec/2016 20:19:58] "GET /static/peerloan/global/plugins/select2/css/select2-bootstrap.min.css HTTP/1.1" 200 15551
[19/Dec/2016 20:19:58] "GET /static/peerloan/global/css/components.min.css HTTP/1.1" 200 505319
[19/Dec/2016 20:19:58] "GET /static/peerloan/global/css/plugins.min.css HTTP/1.1" 200 40004
[19/Dec/2016 20:19:58] "GET /static/peerloan/global/plugins/jquery.min.js HTTP/1.1" 200 95962
[19/Dec/2016 20:19:58] "GET /static/peerloan/pages/css/login.min.css HTTP/1.1" 200 3274
[19/Dec/2016 20:19:58] "GET /static/peerloan/global/plugins/bootstrap/js/bootstrap.min.js HTTP/1.1" 200 36868
[19/Dec/2016 20:19:58] "GET /static/peerloan/global/plugins/jquery.blockui.min.js HTTP/1.1" 200 9569
[19/Dec/2016 20:19:58] "GET /static/peerloan/global/plugins/jquery-slimscroll/jquery.slimscroll.min.js HTTP/1.1" 200 5175
[19/Dec/2016 20:19:58] "GET /static/peerloan/global/plugins/bootstrap-hover-dropdown/bootstrap-hover-dropdown.min.js HTTP/1.1" 200 1539
[19/Dec/2016 20:19:58] "GET /static/peerloan/global/plugins/js.cookie.min.js HTTP/1.1" 200 1738
[19/Dec/2016 20:19:58] "GET /static/peerloan/global/plugins/uniform/jquery.uniform.min.js HTTP/1.1" 200 8308
[19/Dec/2016 20:19:58] "GET /static/peerloan/global/plugins/bootstrap-switch/js/bootstrap-switch.min.js HTTP/1.1" 200 14903
[19/Dec/2016 20:19:58] "GET /static/peerloan/global/plugins/jquery-validation/js/jquery.validate.min.js HTTP/1.1" 200 21090
[19/Dec/2016 20:19:58] "GET /static/peerloan/global/plugins/jquery-validation/js/additional-methods.min.js HTTP/1.1" 200 17210
[19/Dec/2016 20:19:58] "GET /static/peerloan/global/scripts/app.min.js HTTP/1.1" 200 16011
[19/Dec/2016 20:19:58] "GET /static/peerloan/global/plugins/select2/js/select2.full.min.js HTTP/1.1" 200 71172
[19/Dec/2016 20:19:58] "GET /static/peerloan/layouts/layout3/img/peerloan-logo-eng-large.png HTTP/1.1" 200 10705
[19/Dec/2016 20:19:58] "GET /static/peerloan/pages/scripts/login.js HTTP/1.1" 200 9483
[19/Dec/2016 20:19:58] "GET /djga/google-analytics/?&tracking_code=UA-87600922-1&p=%2Flogin%2F HTTP/1.1" 200 42
[19/Dec/2016 20:19:59] "GET /static/peerloan/global/plugins/uniform/images/sprite.png HTTP/1.1" 200 31815
[19/Dec/2016 20:19:59] "GET /static/favicon.ico HTTP/1.1" 200 15086
[19/Dec/2016 20:21:52] "GET /login HTTP/1.1" 301 0
[19/Dec/2016 20:21:53] "GET /login/ HTTP/1.1" 200 11211
[19/Dec/2016 20:21:53] "GET /djga/google-analytics/?&tracking_code=UA-87600922-1&p=%2Flogin%2F HTTP/1.1" 200 42
[19/Dec/2016 21:35:06] "GET /robots.txt HTTP/1.1" 404 4576
[19/Dec/2016 21:35:06] "GET /apple-app-site-association HTTP/1.1" 404 4576
[19/Dec/2016 22:00:18] "GET /login/ HTTP/1.1" 200 11259
[19/Dec/2016 22:00:18] "GET /static/peerloan/pages/scripts/login.js HTTP/1.1" 304 0
[19/Dec/2016 22:00:18] "GET /djga/google-analytics/?&tracking_code=UA-87600922-1&p=%2Flogin%2F&r=https%3A%2F%2Fwww.zwap.hk%2Fpromotion-page%2F HTTP/1.1" 200 42
[19/Dec/2016 22:02:41] "GET /login/ HTTP/1.1" 200 11259
[19/Dec/2016 22:02:42] "GET /djga/google-analytics/?&tracking_code=UA-87600922-1&p=%2Flogin%2F&r=https%3A%2F%2Fwww.zwap.hk%2Fpromotion-page%2F HTTP/1.1" 200 42
[19/Dec/2016 22:07:45] "GET /login/pl_admin/ HTTP/1.1" 200 11222
[19/Dec/2016 22:07:45] "GET /djga/google-analytics/?&tracking_code=UA-87600922-1&p=%2Flogin%2Fpl_admin%2F HTTP/1.1" 200 42
[19/Dec/2016 22:08:00] "POST /auth/ HTTP/1.1" 302 0
[19/Dec/2016 22:08:00] "GET /pl_admin/application HTTP/1.1" 301 0
[19/Dec/2016 22:08:00] "GET /pl_admin/application/ HTTP/1.1" 200 13291
[19/Dec/2016 22:08:00] "GET /static/peerloan/layouts/layout3/css/themes/default.min.css HTTP/1.1" 304 0
[19/Dec/2016 22:08:00] "GET /static/peerloan/layouts/layout3/css/layout.css HTTP/1.1" 304 0
[19/Dec/2016 22:08:00] "GET /header/application/ HTTP/1.1" 200 8155
[19/Dec/2016 22:08:00] "GET /admin_bor_list_json/?cate=application&prod_id=all&status=all&_=1482156480750 HTTP/1.1" 200 2282
[19/Dec/2016 22:08:00] "GET /static/peerloan/pages/scripts/ui-modals.min.js?_=1482156480751 HTTP/1.1" 200 178
[19/Dec/2016 22:16:02] "GET /login/ HTTP/1.1" 200 11229
[19/Dec/2016 22:16:03] "GET /static/peerloan/pages/scripts/login-zh.js HTTP/1.1" 304 0
[19/Dec/2016 22:16:03] "GET /djga/google-analytics/?&tracking_code=UA-87600922-1&p=%2Flogin%2F&r=https%3A%2F%2Fwww.zwap.hk%2Fpromotion-page%2F HTTP/1.1" 200 42
[19/Dec/2016 22:16:04] "GET /static/favicon.ico HTTP/1.1" 304 0
[19/Dec/2016 22:17:32] "GET / HTTP/1.1" 404 4576
[19/Dec/2016 22:28:54] "GET / HTTP/1.1" 404 4576
[19/Dec/2016 22:43:13] "GET /login HTTP/1.1" 301 0
[19/Dec/2016 22:43:13] "GET /login/ HTTP/1.1" 200 11229
[19/Dec/2016 22:43:14] "GET /djga/google-analytics/?&tracking_code=UA-87600922-1&p=%2Flogin%2F&r=https%3A%2F%2Fwww.zwap.hk%2Fpromotion-page%2F HTTP/1.1" 200 42
[19/Dec/2016 22:43:20] "POST /auth/ HTTP/1.1" 302 0
[19/Dec/2016 22:43:20] "GET /borrow_now HTTP/1.1" 301 0
[19/Dec/2016 22:43:20] "GET /borrow_now/ HTTP/1.1" 200 10414
[19/Dec/2016 22:43:20] "GET /djga/google-analytics/?&tracking_code=UA-87600922-1&p=%2Fborrow_now%2F&r=https%3A%2F%2Fplatform.zwap.hk%2Flogin%2F HTTP/1.1" 200 42
[19/Dec/2016 22:43:20] "GET /header/borrow_now/ HTTP/1.1" 200 5625
[19/Dec/2016 22:43:20] "GET /footer/ HTTP/1.1" 200 501
[19/Dec/2016 22:43:29] "GET /product/apply/?prod_id=3 HTTP/1.1" 200 47541
[19/Dec/2016 22:43:29] "GET /static/peerloan/global/plugins/bootstrap-daterangepicker/daterangepicker.min.css HTTP/1.1" 200 5610
[19/Dec/2016 22:43:29] "GET /static/peerloan/global/plugins/clockface/css/clockface.css HTTP/1.1" 200 5861
[19/Dec/2016 22:43:29] "GET /static/peerloan/global/plugins/bootstrap-modal/css/bootstrap-modal.css HTTP/1.1" 200 4229
[19/Dec/2016 22:43:29] "GET /static/peerloan/global/plugins/bootstrap-modal/css/bootstrap-modal-bs3patch.css HTTP/1.1" 200 735
[19/Dec/2016 22:43:29] "GET /static/css-loaders-step2/css/load4.css HTTP/1.1" 200 2867
[19/Dec/2016 22:43:29] "GET /static/peerloan/global/plugins/bootstrap-modal/js/bootstrap-modalmanager.js HTTP/1.1" 200 11397
[19/Dec/2016 22:43:29] "GET /static/peerloan/global/plugins/bootstrap-modal/js/bootstrap-modal.js HTTP/1.1" 200 9659
[19/Dec/2016 22:43:29] "GET /static/peerloan/global/plugins/clockface/js/clockface.js HTTP/1.1" 200 19596
[19/Dec/2016 22:43:29] "GET /static/peerloan/pages/scripts/form-validation-peerloan-zh.js HTTP/1.1" 200 10778
[19/Dec/2016 22:43:29] "GET /static/peerloan/pages/scripts/ui-extended-modals.min.js HTTP/1.1" 200 1364
[19/Dec/2016 22:43:29] "GET /captcha/image/84c9a8a30a8286503fd69fbcbb23fa285909f184/ HTTP/1.1" 200 4426
[19/Dec/2016 22:43:29] "GET /djga/google-analytics/?&tracking_code=UA-87600922-1&p=%2Fproduct%2Fapply%2F&r=https%3A%2F%2Fplatform.zwap.hk%2Fborrow_now%2F HTTP/1.1" 200 42
[19/Dec/2016 22:43:30] "GET /header/borrow_now/ HTTP/1.1" 200 5625
[19/Dec/2016 22:43:30] "GET /footer/ HTTP/1.1" 200 501
[19/Dec/2016 22:43:31] "GET /static/js-webshim/minified/shims/plugins/jquery.ui.position.js HTTP/1.1" 200 6495
[19/Dec/2016 22:49:53] "POST /product/apply/?prod_id=3 HTTP/1.1" 200 47888
[19/Dec/2016 22:49:53] "GET /captcha/image/9d1f61e42702d66b31e0df18ad5ad5a90f059627/ HTTP/1.1" 200 4623
[19/Dec/2016 22:49:53] "GET /djga/google-analytics/?&tracking_code=UA-87600922-1&p=%2Fproduct%2Fapply%2F&r=https%3A%2F%2Fplatform.zwap.hk%2Fproduct%2Fapply%2F%3Fprod_id%3D3 HTTP/1.1" 200 42
[19/Dec/2016 22:49:53] "GET /header/borrow_now/ HTTP/1.1" 200 5625
[19/Dec/2016 22:49:53] "GET /footer/ HTTP/1.1" 200 501
[19/Dec/2016 22:50:10] "GET /refresh-captcha HTTP/1.1" 301 0
[19/Dec/2016 22:50:10] "POST /product/apply/?prod_id=3 HTTP/1.1" 302 0
[19/Dec/2016 22:50:10] "GET /refresh-captcha/ HTTP/1.1" 200 153
[19/Dec/2016 22:50:10] "GET /captcha/image/bfa1f8f69f60a6198b0eb4eb515bf9855da2ebdd/ HTTP/1.1" 200 4589
[19/Dec/2016 22:50:10] "GET /product/upload_docs/?prod_id=3 HTTP/1.1" 200 50402
[19/Dec/2016 22:50:10] "GET /djga/google-analytics/?&tracking_code=UA-87600922-1&p=%2Fproduct%2Fupload_docs%2F&r=https%3A%2F%2Fplatform.zwap.hk%2Fproduct%2Fapply%2F%3Fprod_id%3D3 HTTP/1.1" 200 42
[19/Dec/2016 22:50:10] "GET /static/peerloan/global/img/portlet-expand-icon-white.png HTTP/1.1" 200 239
[19/Dec/2016 22:50:11] "GET /header/borrow_now/ HTTP/1.1" 200 5625
[19/Dec/2016 22:50:11] "GET /footer/ HTTP/1.1" 200 501
[19/Dec/2016 22:52:12] "GET /change_lang?lang=en HTTP/1.1" 301 0
[19/Dec/2016 22:52:12] "GET /change_lang/?lang=en HTTP/1.1" 302 0
[19/Dec/2016 22:52:12] "GET /product/upload_docs/?prod_id=3 HTTP/1.1" 200 50721
[19/Dec/2016 22:52:12] "GET /djga/google-analytics/?&tracking_code=UA-87600922-1&p=%2Fproduct%2Fupload_docs%2F&r=https%3A%2F%2Fplatform.zwap.hk%2Fproduct%2Fupload_docs%2F%3Fprod_id%3D3 HTTP/1.1" 200 42
[19/Dec/2016 22:52:12] "GET /header/borrow_now/ HTTP/1.1" 200 5643
[19/Dec/2016 22:52:12] "GET /footer/ HTTP/1.1" 200 535
[19/Dec/2016 22:52:19] "GET /djga/google-analytics/?&tracking_code=UA-87600922-1&p=%2Fproduct%2Fupload_docs%2F&r=https%3A%2F%2Fplatform.zwap.hk%2Fproduct%2Fupload_docs%2F%3Fprod_id%3D3 HTTP/1.1" 200 42
[19/Dec/2016 22:53:36] "GET /change_lang?lang=en HTTP/1.1" 301 0
[19/Dec/2016 22:53:36] "GET /change_lang/?lang=en HTTP/1.1" 302 0
[19/Dec/2016 22:53:37] "GET /product/upload_docs/?prod_id=3 HTTP/1.1" 200 50721
[19/Dec/2016 22:53:37] "GET /djga/google-analytics/?&tracking_code=UA-87600922-1&p=%2Fproduct%2Fupload_docs%2F&r=https%3A%2F%2Fplatform.zwap.hk%2Fproduct%2Fupload_docs%2F%3Fprod_id%3D3 HTTP/1.1" 200 42
[19/Dec/2016 22:53:37] "GET /footer HTTP/1.1" 301 0
[19/Dec/2016 22:53:37] "GET /header/borrow_now/ HTTP/1.1" 200 5643
[19/Dec/2016 22:53:37] "GET /footer/ HTTP/1.1" 200 535
[19/Dec/2016 22:53:41] "GET /document/?fname=example_doc/bank_account_proof_example.jpg HTTP/1.1" 200 10699
[19/Dec/2016 22:53:41] "GET /favicon.ico HTTP/1.1" 404 4574
[19/Dec/2016 22:54:53] "POST /ack/ HTTP/1.1" 302 0
[19/Dec/2016 22:54:53] "GET /product/confirm_agreement/?prod_id=3 HTTP/1.1" 200 23082
[19/Dec/2016 22:54:53] "GET /djga/google-analytics/?&tracking_code=UA-87600922-1&p=%2Fproduct%2Fconfirm_agreement%2F&r=https%3A%2F%2Fplatform.zwap.hk%2Fproduct%2Fupload_docs%2F%3Fprod_id%3D3 HTTP/1.1" 200 42
[19/Dec/2016 22:54:53] "GET /loan_agreement?bor_ref_num=LOA20161219002 HTTP/1.1" 301 0
[19/Dec/2016 22:54:54] "GET /header/borrow_now/ HTTP/1.1" 200 5643
[19/Dec/2016 22:54:54] "GET /footer/ HTTP/1.1" 200 535
[19/Dec/2016 22:54:54] "GET /loan_agreement/?bor_ref_num=LOA20161219002 HTTP/1.1" 200 15928
[19/Dec/2016 22:55:06] "POST /generate_OTP/ HTTP/1.1" 200 2
[19/Dec/2016 22:55:36] "POST /ack/ HTTP/1.1" 302 0
[19/Dec/2016 22:55:36] "GET /ack_page/?action=confirm_agreement HTTP/1.1" 200 7992
[19/Dec/2016 22:55:36] "GET /djga/google-analytics/?&tracking_code=UA-87600922-1&p=%2Fack_page%2F&r=https%3A%2F%2Fplatform.zwap.hk%2Fproduct%2Fconfirm_agreement%2F%3Fprod_id%3D3 HTTP/1.1" 200 42
[19/Dec/2016 22:55:36] "GET /header// HTTP/1.1" 200 5636
[19/Dec/2016 22:55:36] "GET /footer/ HTTP/1.1" 200 535
[19/Dec/2016 22:57:33] "GET /my_account/all_application_listing/ HTTP/1.1" 200 14605
[19/Dec/2016 22:57:33] "GET /djga/google-analytics/?&tracking_code=UA-87600922-1&p=%2Fmy_account%2Fall_application_listing%2F&r=https%3A%2F%2Fplatform.zwap.hk%2Fborrow_now%2F HTTP/1.1" 200 42
[19/Dec/2016 22:57:34] "GET /header/my_account/all_application_listing HTTP/1.1" 200 5649
[19/Dec/2016 22:57:34] "GET /loan_list_json/?status=All&start_date=All&_=1482159453815 HTTP/1.1" 200 350
[19/Dec/2016 22:57:34] "GET /footer/ HTTP/1.1" 200 535
[19/Dec/2016 22:57:38] "GET /ack_page/?action=confirm_agreement HTTP/1.1" 200 7987
[19/Dec/2016 22:57:38] "GET /djga/google-analytics/?&tracking_code=UA-87600922-1&p=%2Fack_page%2F&r=https%3A%2F%2Fplatform.zwap.hk%2Fmy_account%2Fall_application_listing%2F HTTP/1.1" 200 42
[19/Dec/2016 22:57:38] "GET /header// HTTP/1.1" 200 5636
[19/Dec/2016 22:57:38] "GET /footer/ HTTP/1.1" 200 535
[19/Dec/2016 23:07:25] "GET /my_account/all_application_listing/ HTTP/1.1" 200 14605
[19/Dec/2016 23:07:25] "GET /djga/google-analytics/?&tracking_code=UA-87600922-1&p=%2Fmy_account%2Fall_application_listing%2F&r=https%3A%2F%2Fplatform.zwap.hk%2Fborrow_now%2F HTTP/1.1" 200 42
[19/Dec/2016 23:07:25] "GET /footer HTTP/1.1" 301 0
[19/Dec/2016 23:07:25] "GET /header/my_account/all_application_listing HTTP/1.1" 200 5649
[19/Dec/2016 23:07:26] "GET /loan_list_json/?status=All&start_date=All&_=1482160045766 HTTP/1.1" 200 350
[19/Dec/2016 23:07:26] "GET /footer/ HTTP/1.1" 200 535
[19/Dec/2016 23:07:26] "GET /static/favicon.ico HTTP/1.1" 200 15086
[19/Dec/2016 23:07:55] "GET /ack_page/?action=confirm_agreement HTTP/1.1" 200 7987
[19/Dec/2016 23:07:55] "GET /djga/google-analytics/?&tracking_code=UA-87600922-1&p=%2Fack_page%2F&r=https%3A%2F%2Fplatform.zwap.hk%2Fmy_account%2Fall_application_listing%2F HTTP/1.1" 200 42
[19/Dec/2016 23:07:55] "GET /header// HTTP/1.1" 200 5636
[19/Dec/2016 23:07:55] "GET /static/favicon.ico HTTP/1.1" 200 15086
[19/Dec/2016 23:07:55] "GET /footer/ HTTP/1.1" 200 535
[20/Dec/2016 00:56:00] "GET /login HTTP/1.1" 301 0
[20/Dec/2016 00:56:00] "GET /login/ HTTP/1.1" 200 11259
[20/Dec/2016 00:56:01] "GET /static/peerloan/global/plugins/font-awesome/css/font-awesome.min.css HTTP/1.1" 200 26711
[20/Dec/2016 00:56:01] "GET /static/peerloan/global/plugins/bootstrap-switch/css/bootstrap-switch.min.css HTTP/1.1" 200 6457
[20/Dec/2016 00:56:01] "GET /static/peerloan/global/plugins/select2/css/select2.min.css HTTP/1.1" 200 14909
[20/Dec/2016 00:56:01] "GET /static/peerloan/global/plugins/simple-line-icons/simple-line-icons.min.css HTTP/1.1" 200 9562
[20/Dec/2016 00:56:01] "GET /static/peerloan/global/plugins/select2/css/select2-bootstrap.min.css HTTP/1.1" 200 15551
[20/Dec/2016 00:56:01] "GET /static/peerloan/global/plugins/bootstrap/css/bootstrap.min.css HTTP/1.1" 200 118204
[20/Dec/2016 00:56:01] "GET /static/peerloan/global/plugins/uniform/css/uniform.default.css HTTP/1.1" 200 10851
[20/Dec/2016 00:56:01] "GET /static/peerloan/global/css/components.min.css HTTP/1.1" 200 505319
[20/Dec/2016 00:56:01] "GET /static/peerloan/global/css/plugins.min.css HTTP/1.1" 200 40004
[20/Dec/2016 00:56:01] "GET /static/peerloan/pages/css/login.min.css HTTP/1.1" 200 3274
[20/Dec/2016 00:56:01] "GET /static/peerloan/global/plugins/jquery.min.js HTTP/1.1" 200 95962
[20/Dec/2016 00:56:01] "GET /static/peerloan/global/plugins/bootstrap/js/bootstrap.min.js HTTP/1.1" 200 36868
[20/Dec/2016 00:56:01] "GET /static/peerloan/global/plugins/js.cookie.min.js HTTP/1.1" 200 1738
[20/Dec/2016 00:56:01] "GET /static/peerloan/global/plugins/bootstrap-hover-dropdown/bootstrap-hover-dropdown.min.js HTTP/1.1" 200 1539
[20/Dec/2016 00:56:01] "GET /static/peerloan/global/plugins/jquery-slimscroll/jquery.slimscroll.min.js HTTP/1.1" 200 5175
[20/Dec/2016 00:56:01] "GET /static/peerloan/global/plugins/jquery.blockui.min.js HTTP/1.1" 200 9569
[20/Dec/2016 00:56:01] "GET /static/peerloan/global/plugins/uniform/jquery.uniform.min.js HTTP/1.1" 200 8308
[20/Dec/2016 00:56:01] "GET /static/peerloan/global/plugins/bootstrap-switch/js/bootstrap-switch.min.js HTTP/1.1" 200 14903
[20/Dec/2016 00:56:01] "GET /static/peerloan/global/plugins/jquery-validation/js/jquery.validate.min.js HTTP/1.1" 200 21090
[20/Dec/2016 00:56:01] "GET /static/peerloan/global/plugins/jquery-validation/js/additional-methods.min.js HTTP/1.1" 200 17210
[20/Dec/2016 00:56:01] "GET /static/peerloan/global/plugins/select2/js/select2.full.min.js HTTP/1.1" 200 71172
[20/Dec/2016 00:56:01] "GET /static/peerloan/global/scripts/app.min.js HTTP/1.1" 200 16011
[20/Dec/2016 00:56:01] "GET /static/peerloan/pages/scripts/login.js HTTP/1.1" 200 9483
[20/Dec/2016 00:56:01] "GET /static/peerloan/layouts/layout3/img/peerloan-logo-eng-large.png HTTP/1.1" 200 10705
[20/Dec/2016 00:56:01] "GET /djga/google-analytics/?&tracking_code=UA-87600922-1&p=%2Flogin%2F&r=https%3A%2F%2Fwww.zwap.hk%2Fpromotion-page%2F HTTP/1.1" 200 42
[20/Dec/2016 00:56:01] "GET /static/peerloan/global/plugins/uniform/images/sprite.png HTTP/1.1" 200 31815
[20/Dec/2016 00:56:07] "GET /login/ HTTP/1.1" 200 11259
[20/Dec/2016 00:56:07] "GET /djga/google-analytics/?&tracking_code=UA-87600922-1&p=%2Flogin%2F&r=https%3A%2F%2Fwww.zwap.hk%2Fpromotion-page%2F HTTP/1.1" 200 42
[20/Dec/2016 09:10:30] "GET /login/ HTTP/1.1" 200 11229
[20/Dec/2016 09:10:31] "GET /static/peerloan/global/plugins/font-awesome/css/font-awesome.min.css HTTP/1.1" 200 26711
[20/Dec/2016 09:10:32] "GET /static/peerloan/global/plugins/simple-line-icons/simple-line-icons.min.css HTTP/1.1" 200 9562
[20/Dec/2016 09:10:32] "GET /static/peerloan/global/plugins/bootstrap/css/bootstrap.min.css HTTP/1.1" 200 118204
[20/Dec/2016 09:10:32] "GET /static/peerloan/global/plugins/uniform/css/uniform.default.css HTTP/1.1" 200 10851
[20/Dec/2016 09:10:32] "GET /static/peerloan/global/plugins/bootstrap-switch/css/bootstrap-switch.min.css HTTP/1.1" 200 6457
[20/Dec/2016 09:10:32] "GET /static/peerloan/global/plugins/select2/css/select2.min.css HTTP/1.1" 200 14909
[20/Dec/2016 09:10:32] "GET /static/peerloan/global/plugins/select2/css/select2-bootstrap.min.css HTTP/1.1" 200 15551
[20/Dec/2016 09:10:32] "GET /static/peerloan/global/css/components.min.css HTTP/1.1" 200 505319
[20/Dec/2016 09:10:32] "GET /static/peerloan/global/css/plugins.min.css HTTP/1.1" 200 40004
[20/Dec/2016 09:10:33] "GET /static/peerloan/pages/css/login.min.css HTTP/1.1" 200 3274
[20/Dec/2016 09:10:33] "GET /static/peerloan/global/plugins/jquery.min.js HTTP/1.1" 200 95962
[20/Dec/2016 09:10:33] "GET /static/peerloan/global/plugins/bootstrap/js/bootstrap.min.js HTTP/1.1" 200 36868
[20/Dec/2016 09:10:33] "GET /static/peerloan/global/plugins/js.cookie.min.js HTTP/1.1" 200 1738
[20/Dec/2016 09:10:33] "GET /static/peerloan/global/plugins/bootstrap-hover-dropdown/bootstrap-hover-dropdown.min.js HTTP/1.1" 200 1539
[20/Dec/2016 09:10:33] "GET /static/peerloan/global/plugins/jquery-slimscroll/jquery.slimscroll.min.js HTTP/1.1" 200 5175
[20/Dec/2016 09:10:34] "GET /static/peerloan/global/plugins/jquery.blockui.min.js HTTP/1.1" 200 9569
[20/Dec/2016 09:10:34] "GET /static/peerloan/global/plugins/uniform/jquery.uniform.min.js HTTP/1.1" 200 8308
[20/Dec/2016 09:10:34] "GET /static/peerloan/global/plugins/bootstrap-switch/js/bootstrap-switch.min.js HTTP/1.1" 200 14903
[20/Dec/2016 09:10:34] "GET /static/peerloan/global/plugins/jquery-validation/js/jquery.validate.min.js HTTP/1.1" 200 21090
[20/Dec/2016 09:10:34] "GET /static/peerloan/global/plugins/jquery-validation/js/additional-methods.min.js HTTP/1.1" 200 17210
[20/Dec/2016 09:10:34] "GET /static/peerloan/global/plugins/select2/js/select2.full.min.js HTTP/1.1" 200 71172
[20/Dec/2016 09:10:34] "GET /static/peerloan/global/scripts/app.min.js HTTP/1.1" 200 16011
[20/Dec/2016 09:10:34] "GET /static/peerloan/pages/scripts/login-zh.js HTTP/1.1" 200 10250
[20/Dec/2016 09:10:34] "GET /static/peerloan/layouts/layout3/img/peerloan-logo-zh-hk-large.png HTTP/1.1" 200 10705
[20/Dec/2016 09:10:34] "GET /djga/google-analytics/?&tracking_code=UA-87600922-1&p=%2Flogin%2F&r=https%3A%2F%2Fwww.zwap.hk%2Fpromotion-page%2F HTTP/1.1" 200 42
[20/Dec/2016 09:10:35] "GET /static/peerloan/global/plugins/uniform/images/sprite.png HTTP/1.1" 200 31815
[20/Dec/2016 09:10:35] "GET /static/favicon.ico HTTP/1.1" 200 15086
[20/Dec/2016 09:13:53] "GET /login HTTP/1.1" 301 0
[20/Dec/2016 09:13:53] "GET /login/ HTTP/1.1" 200 11242
[20/Dec/2016 09:13:53] "GET /djga/google-analytics/?&tracking_code=UA-87600922-1&p=%2Flogin%2F&r=https%3A%2F%2Fwww.zwap.hk%2F HTTP/1.1" 200 42
[20/Dec/2016 09:13:56] "GET /login/pl_admin/ HTTP/1.1" 200 11222
[20/Dec/2016 09:13:56] "GET /djga/google-analytics/?&tracking_code=UA-87600922-1&p=%2Flogin%2Fpl_admin%2F HTTP/1.1" 200 42
[20/Dec/2016 09:14:09] "POST /auth/ HTTP/1.1" 302 0
[20/Dec/2016 09:14:09] "GET /pl_admin/application HTTP/1.1" 301 0
[20/Dec/2016 09:14:09] "GET /pl_admin/application/ HTTP/1.1" 200 13291
[20/Dec/2016 09:14:09] "GET /header/application/ HTTP/1.1" 200 8156
[20/Dec/2016 09:14:09] "GET /admin_bor_list_json/?cate=application&prod_id=all&status=all&_=1482196449749 HTTP/1.1" 200 2693
[20/Dec/2016 09:14:10] "GET /static/peerloan/pages/scripts/ui-modals.min.js?_=1482196449750 HTTP/1.1" 200 178
[20/Dec/2016 09:50:29] "GET /login HTTP/1.1" 301 0
[20/Dec/2016 09:50:29] "GET /login/ HTTP/1.1" 200 11211
[20/Dec/2016 09:50:30] "GET /static/peerloan/pages/scripts/login.js HTTP/1.1" 304 0
[20/Dec/2016 09:50:30] "GET /djga/google-analytics/?&tracking_code=UA-87600922-1&p=%2Flogin%2F HTTP/1.1" 200 42
[20/Dec/2016 10:04:32] "GET /login/pl_admin/ HTTP/1.1" 200 11222
[20/Dec/2016 10:04:32] "GET /static/favicon.ico HTTP/1.1" 200 15086
[20/Dec/2016 10:04:57] "GET /login/pl_admin/ HTTP/1.1" 200 11222
[20/Dec/2016 10:04:57] "GET /static/peerloan/global/css/components.min.css HTTP/1.1" 304 0
[20/Dec/2016 10:04:57] "GET /static/peerloan/global/plugins/bootstrap/css/bootstrap.min.css HTTP/1.1" 304 0
[20/Dec/2016 10:04:57] "GET /static/peerloan/layouts/layout3/img/peerloan-logo-eng-large.png HTTP/1.1" 304 0
[20/Dec/2016 10:04:57] "GET /static/peerloan/pages/scripts/login.js HTTP/1.1" 304 0
[20/Dec/2016 10:04:57] "GET /djga/google-analytics/?&tracking_code=UA-87600922-1&p=%2Flogin%2Fpl_admin%2F HTTP/1.1" 200 42
[20/Dec/2016 10:05:20] "POST /auth/ HTTP/1.1" 302 0
[20/Dec/2016 10:05:20] "GET /pl_admin/application HTTP/1.1" 301 0
[20/Dec/2016 10:05:20] "GET /pl_admin/application/ HTTP/1.1" 200 13291
[20/Dec/2016 10:05:20] "GET /static/peerloan/layouts/layout3/css/layout.css HTTP/1.1" 304 0
[20/Dec/2016 10:05:20] "GET /static/peerloan/layouts/layout3/css/themes/default.min.css HTTP/1.1" 304 0
[20/Dec/2016 10:05:20] "GET /header/application/ HTTP/1.1" 200 8156
[20/Dec/2016 10:05:21] "GET /admin_bor_list_json/?cate=application&prod_id=all&status=all&_=1482199520984 HTTP/1.1" 200 2693
[20/Dec/2016 10:05:21] "GET /static/peerloan/pages/scripts/ui-modals.min.js?_=1482199520985 HTTP/1.1" 200 178
[20/Dec/2016 10:05:21] "GET /static/peerloan/layouts/layout3/img/peerloan-logo-eng-small.jpg HTTP/1.1" 304 0
[20/Dec/2016 10:05:25] "GET /static/peerloan/global/plugins/simple-line-icons/fonts/Simple-Line-Icons.woff HTTP/1.1" 200 59324
[20/Dec/2016 10:05:25] "GET /logout HTTP/1.1" 301 0
[20/Dec/2016 10:05:25] "GET /logout/ HTTP/1.1" 302 0
[20/Dec/2016 10:05:26] "GET /login/ HTTP/1.1" 200 11272
[20/Dec/2016 10:05:26] "GET /djga/google-analytics/?&tracking_code=UA-87600922-1&p=%2Flogin%2F&r=https%3A%2F%2Fplatform.zwap.hk%2Fpl_admin%2Fapplication%2F HTTP/1.1" 200 42
[20/Dec/2016 10:05:37] "POST /auth/ HTTP/1.1" 200 4831
[20/Dec/2016 10:05:37] "GET /djga/google-analytics/?&tracking_code=UA-87600922-1&p=%2Fauth%2F&r=https%3A%2F%2Fplatform.zwap.hk%2Flogin%2F HTTP/1.1" 200 42
[20/Dec/2016 10:05:41] "GET /login/pl_admin/ HTTP/1.1" 200 11222
[20/Dec/2016 10:05:41] "GET /djga/google-analytics/?&tracking_code=UA-87600922-1&p=%2Flogin%2Fpl_admin%2F HTTP/1.1" 200 42
[20/Dec/2016 10:05:52] "POST /auth/ HTTP/1.1" 302 0
[20/Dec/2016 10:05:52] "GET /pl_admin/application HTTP/1.1" 301 0
[20/Dec/2016 10:05:52] "GET /pl_admin/application/ HTTP/1.1" 200 13291
[20/Dec/2016 10:05:52] "GET /header/application/ HTTP/1.1" 200 8156
[20/Dec/2016 10:05:52] "GET /static/peerloan/pages/scripts/ui-modals.min.js?_=1482199552654 HTTP/1.1" 200 178
[20/Dec/2016 10:05:52] "GET /admin_bor_list_json/?cate=application&prod_id=all&status=all&_=1482199552653 HTTP/1.1" 200 2693
[20/Dec/2016 10:05:54] "GET /ptn_handler/?bor_id=7 HTTP/1.1" 200 2
[20/Dec/2016 10:05:54] "GET /admin_bor_list_json/?cate=application&prod_id=all&status=all&_=1482199552655 HTTP/1.1" 200 2691
[20/Dec/2016 10:05:54] "GET /header/application/ HTTP/1.1" 200 8155
[20/Dec/2016 10:05:54] "GET /static/peerloan/pages/scripts/ui-modals.min.js?_=1482199552656 HTTP/1.1" 200 178
[20/Dec/2016 10:06:01] "GET /pl_admin/application/detail/?bor_ref_num=LOA20161219002 HTTP/1.1" 200 88049
[20/Dec/2016 10:06:01] "GET /static/peerloan/global/plugins/bootstrap-fileinput/bootstrap-fileinput.css HTTP/1.1" 304 0
[20/Dec/2016 10:06:01] "GET /header/application/ HTTP/1.1" 200 8155
[20/Dec/2016 10:06:01] "GET /admin_aut_list_json/?usr_id=136&ref_id=7&model=BorrowRequest&type=BorrowRequest&_=1482199562081 HTTP/1.1" 200 536
[20/Dec/2016 10:06:01] "GET /static/peerloan/pages/scripts/ui-modals.min.js?_=1482199562082 HTTP/1.1" 200 178
[20/Dec/2016 10:06:01] "GET /footer HTTP/1.1" 301 0
[20/Dec/2016 10:06:02] "GET /footer/ HTTP/1.1" 500 4572
[20/Dec/2016 10:06:23] "POST /ack_admin/?src=preface HTTP/1.1" 302 0
[20/Dec/2016 10:06:25] "GET /file/Z9EJHC3LS20Q1DAAIIPQQIAKQDM7Y3XC.jpg HTTP/1.1" 200 430703
[20/Dec/2016 10:06:30] "GET /pl_admin/application/detail/?bor_ref_num=LOA20161219002 HTTP/1.1" 200 88047
[20/Dec/2016 10:06:30] "GET /header/application/ HTTP/1.1" 200 8155
[20/Dec/2016 10:06:30] "GET /admin_aut_list_json/?usr_id=136&ref_id=7&model=BorrowRequest&type=BorrowRequest&_=1482199590386 HTTP/1.1" 200 682
[20/Dec/2016 10:06:30] "GET /static/peerloan/pages/scripts/ui-modals.min.js?_=1482199590387 HTTP/1.1" 200 178
[20/Dec/2016 10:06:30] "GET /footer/ HTTP/1.1" 500 4572
[20/Dec/2016 10:06:38] "GET /switch_role/ HTTP/1.1" 302 0
[20/Dec/2016 10:06:38] "GET /pl_admin/application HTTP/1.1" 301 0
[20/Dec/2016 10:06:38] "GET /pl_admin/application/ HTTP/1.1" 200 12264
[20/Dec/2016 10:06:38] "GET /header/application/ HTTP/1.1" 200 7569
[20/Dec/2016 10:06:38] "GET /uor_list_json/?data_src=apply_to_be_investor&status=all&_=1482199598820 HTTP/1.1" 200 977
[20/Dec/2016 10:06:38] "GET /static/peerloan/pages/scripts/ui-modals.min.js?_=1482199598821 HTTP/1.1" 200 178
[20/Dec/2016 10:14:01] "GET /login/ HTTP/1.1" 200 11259
[20/Dec/2016 10:14:01] "GET /static/peerloan/layouts/layout3/img/peerloan-logo-eng-large.png HTTP/1.1" 304 0
[20/Dec/2016 10:14:01] "GET /djga/google-analytics/?&tracking_code=UA-87600922-1&p=%2Flogin%2F&r=https%3A%2F%2Fwww.zwap.hk%2Fpromotion-page%2F HTTP/1.1" 200 42
[20/Dec/2016 10:14:03] "POST /auth/ HTTP/1.1" 302 0
[20/Dec/2016 10:14:03] "GET /borrow_now HTTP/1.1" 301 0
[20/Dec/2016 10:14:03] "GET /borrow_now/ HTTP/1.1" 200 10522
[20/Dec/2016 10:14:03] "GET /djga/google-analytics/?&tracking_code=UA-87600922-1&p=%2Fborrow_now%2F&r=https%3A%2F%2Fplatform.zwap.hk%2Flogin%2F HTTP/1.1" 200 42
[20/Dec/2016 10:14:03] "GET /footer HTTP/1.1" 301 0
[20/Dec/2016 10:14:03] "GET /header/borrow_now/ HTTP/1.1" 200 5650
[20/Dec/2016 10:14:03] "GET /footer/ HTTP/1.1" 200 535
[20/Dec/2016 10:14:08] "GET /my_account/all_application_listing HTTP/1.1" 301 0
[20/Dec/2016 10:14:08] "GET /my_account/all_application_listing/ HTTP/1.1" 200 14605
[20/Dec/2016 10:14:08] "GET /djga/google-analytics/?&tracking_code=UA-87600922-1&p=%2Fmy_account%2Fall_application_listing%2F&r=https%3A%2F%2Fplatform.zwap.hk%2Fborrow_now%2F HTTP/1.1" 200 42
[20/Dec/2016 10:14:08] "GET /header/my_account/all_application_listing HTTP/1.1" 200 5656
[20/Dec/2016 10:14:08] "GET /loan_list_json/?status=All&start_date=All&_=1482200048555 HTTP/1.1" 200 316
[20/Dec/2016 10:14:08] "GET /footer/ HTTP/1.1" 200 535
[20/Dec/2016 10:14:21] "GET /static/peerloan/global/plugins/datatables/images/sort_desc.png HTTP/1.1" 200 1127
[20/Dec/2016 10:14:21] "GET /loan_list_json/?status=All&start_date=All&_=1482200048556 HTTP/1.1" 200 316
[20/Dec/2016 10:14:33] "GET /my_account/all_application_listing/ HTTP/1.1" 200 14605
[20/Dec/2016 10:14:33] "GET /static/peerloan/global/plugins/font-awesome/css/font-awesome.min.css HTTP/1.1" 304 0
[20/Dec/2016 10:14:33] "GET /static/peerloan/global/plugins/bootstrap/css/bootstrap.min.css HTTP/1.1" 304 0
[20/Dec/2016 10:14:33] "GET /static/peerloan/global/plugins/simple-line-icons/simple-line-icons.min.css HTTP/1.1" 304 0
[20/Dec/2016 10:14:33] "GET /static/peerloan/global/plugins/bootstrap-switch/css/bootstrap-switch.min.css HTTP/1.1" 304 0
[20/Dec/2016 10:14:33] "GET /static/peerloan/global/plugins/uniform/css/uniform.default.css HTTP/1.1" 304 0
[20/Dec/2016 10:14:33] "GET /static/peerloan/global/plugins/datatables/plugins/bootstrap/datatables.bootstrap.css HTTP/1.1" 304 0
[20/Dec/2016 10:14:33] "GET /static/peerloan/global/plugins/datatables/datatables.min.css HTTP/1.1" 304 0
[20/Dec/2016 10:14:33] "GET /static/peerloan/global/plugins/bootstrap-datepicker/css/bootstrap-datepicker3.min.css HTTP/1.1" 304 0
[20/Dec/2016 10:14:33] "GET /static/peerloan/global/plugins/bootstrap-timepicker/css/bootstrap-timepicker.min.css HTTP/1.1" 304 0
[20/Dec/2016 10:14:33] "GET /static/peerloan/global/plugins/bootstrap-datetimepicker/css/bootstrap-datetimepicker.min.css HTTP/1.1" 304 0
[20/Dec/2016 10:14:33] "GET /static/peerloan/global/css/components.min.css HTTP/1.1" 304 0
[20/Dec/2016 10:14:33] "GET /static/peerloan/global/css/plugins.min.css HTTP/1.1" 304 0
[20/Dec/2016 10:14:33] "GET /static/peerloan/layouts/layout3/css/layout.css HTTP/1.1" 304 0
[20/Dec/2016 10:14:33] "GET /static/peerloan/layouts/layout3/css/custom.min.css HTTP/1.1" 304 0
[20/Dec/2016 10:14:33] "GET /static/peerloan/global/plugins/bootstrap/js/bootstrap.min.js HTTP/1.1" 304 0
[20/Dec/2016 10:14:33] "GET /static/peerloan/layouts/layout3/css/themes/default.min.css HTTP/1.1" 304 0
[20/Dec/2016 10:14:33] "GET /static/peerloan/global/plugins/bootstrap-hover-dropdown/bootstrap-hover-dropdown.min.js HTTP/1.1" 304 0
[20/Dec/2016 10:14:33] "GET /static/peerloan/global/plugins/jquery.min.js HTTP/1.1" 304 0
[20/Dec/2016 10:14:33] "GET /static/peerloan/global/plugins/js.cookie.min.js HTTP/1.1" 304 0
[20/Dec/2016 10:14:33] "GET /static/peerloan/global/plugins/datatables/datatables.min.js HTTP/1.1" 304 0
[20/Dec/2016 10:14:33] "GET /static/peerloan/global/scripts/datatable.js HTTP/1.1" 304 0
[20/Dec/2016 10:14:33] "GET /static/peerloan/global/plugins/datatables/plugins/bootstrap/datatables.bootstrap.js HTTP/1.1" 304 0
[20/Dec/2016 10:14:33] "GET /static/peerloan/global/plugins/moment.min.js HTTP/1.1" 304 0
[20/Dec/2016 10:14:33] "GET /static/peerloan/global/plugins/bootstrap-daterangepicker/daterangepicker.min.js HTTP/1.1" 304 0
[20/Dec/2016 10:14:33] "GET /static/peerloan/global/plugins/bootstrap-timepicker/js/bootstrap-timepicker.min.js HTTP/1.1" 304 0
[20/Dec/2016 10:14:33] "GET /static/peerloan/global/plugins/bootstrap-datepicker/js/bootstrap-datepicker.min.js HTTP/1.1" 304 0
[20/Dec/2016 10:14:33] "GET /static/peerloan/global/plugins/bootstrap-datetimepicker/js/bootstrap-datetimepicker.min.js HTTP/1.1" 304 0
[20/Dec/2016 10:14:33] "GET /static/peerloan/global/scripts/app.min.js HTTP/1.1" 304 0
[20/Dec/2016 10:14:33] "GET /static/peerloan/pages/scripts/table-datatables-buttons.min.js HTTP/1.1" 304 0
[20/Dec/2016 10:14:33] "GET /static/peerloan/layouts/layout3/scripts/layout.min.js HTTP/1.1" 304 0
[20/Dec/2016 10:14:33] "GET /static/peerloan/layouts/layout3/scripts/demo.min.js HTTP/1.1" 304 0
[20/Dec/2016 10:14:33] "GET /static/peerloan/pages/scripts/components-date-time-pickers.min.js HTTP/1.1" 304 0
[20/Dec/2016 10:14:33] "GET /djga/google-analytics/?&tracking_code=UA-87600922-1&p=%2Fmy_account%2Fall_application_listing%2F&r=https%3A%2F%2Fplatform.zwap.hk%2Fborrow_now%2F HTTP/1.1" 200 42
[20/Dec/2016 10:14:34] "GET /footer HTTP/1.1" 301 0
[20/Dec/2016 10:14:34] "GET /header/my_account/all_application_listing HTTP/1.1" 200 5656
[20/Dec/2016 10:14:34] "GET /static/peerloan/global/plugins/font-awesome/fonts/fontawesome-webfont.woff2?v=4.4.0 HTTP/1.1" 304 0
[20/Dec/2016 10:14:34] "GET /static/peerloan/global/plugins/datatables/images/sort_both.png HTTP/1.1" 304 0
[20/Dec/2016 10:14:34] "GET /loan_list_json/?status=All&start_date=All&_=1482200073921 HTTP/1.1" 200 316
[20/Dec/2016 10:14:34] "GET /static/peerloan/layouts/layout3/img/peerloan-logo-eng-small.png HTTP/1.1" 304 0
[20/Dec/2016 10:14:34] "GET /static/peerloan/layouts/layout3/img/menu-toggler.png HTTP/1.1" 304 0
[20/Dec/2016 10:14:34] "GET /footer/ HTTP/1.1" 200 535
[20/Dec/2016 10:14:36] "GET /my_account/repayment_and_settlement HTTP/1.1" 301 0
[20/Dec/2016 10:14:36] "GET /my_account/repayment_and_settlement/ HTTP/1.1" 200 7986
[20/Dec/2016 10:14:36] "GET /djga/google-analytics/?&tracking_code=UA-87600922-1&p=%2Fmy_account%2Frepayment_and_settlement%2F&r=https%3A%2F%2Fplatform.zwap.hk%2Fmy_account%2Fall_application_listing%2F HTTP/1.1" 200 42
[20/Dec/2016 10:14:36] "GET /header/my_account/repayment_and_settlement HTTP/1.1" 200 5656
[20/Dec/2016 10:14:36] "GET /footer/ HTTP/1.1" 200 535
[20/Dec/2016 10:14:38] "GET /my_account/change_acc_info HTTP/1.1" 301 0
[20/Dec/2016 10:14:38] "GET /my_account/change_acc_info/ HTTP/1.1" 200 23939
[20/Dec/2016 10:14:38] "GET /static/peerloan/pages/scripts/change_acc_info_en.js HTTP/1.1" 200 9041
[20/Dec/2016 10:14:38] "GET /djga/google-analytics/?&tracking_code=UA-87600922-1&p=%2Fmy_account%2Fchange_acc_info%2F&r=https%3A%2F%2Fplatform.zwap.hk%2Fmy_account%2Frepayment_and_settlement%2F HTTP/1.1" 200 42
[20/Dec/2016 10:14:39] "GET /footer HTTP/1.1" 301 0
[20/Dec/2016 10:14:39] "GET /header/my_account/change_acc_info HTTP/1.1" 200 5656
[20/Dec/2016 10:14:39] "GET /footer/ HTTP/1.1" 200 535
[20/Dec/2016 10:14:42] "GET /my_account/all_application_listing HTTP/1.1" 301 0
[20/Dec/2016 10:14:42] "GET /my_account/all_application_listing/ HTTP/1.1" 200 14623
[20/Dec/2016 10:14:42] "GET /djga/google-analytics/?&tracking_code=UA-87600922-1&p=%2Fmy_account%2Fall_application_listing%2F&r=https%3A%2F%2Fplatform.zwap.hk%2Fmy_account%2Fchange_acc_info%2F HTTP/1.1" 200 42
[20/Dec/2016 10:14:42] "GET /header/my_account/all_application_listing HTTP/1.1" 200 5656
[20/Dec/2016 10:14:42] "GET /loan_list_json/?status=All&start_date=All&_=1482200082353 HTTP/1.1" 200 316
[20/Dec/2016 10:14:42] "GET /footer/ HTTP/1.1" 200 535
[20/Dec/2016 10:16:45] "GET /login HTTP/1.1" 301 0
[20/Dec/2016 10:16:45] "GET /login/ HTTP/1.1" 200 11257
[20/Dec/2016 10:16:46] "GET /static/peerloan/global/plugins/font-awesome/css/font-awesome.min.css HTTP/1.1" 200 26711
[20/Dec/2016 10:16:46] "GET /static/peerloan/global/plugins/simple-line-icons/simple-line-icons.min.css HTTP/1.1" 200 9562
[20/Dec/2016 10:16:46] "GET /static/peerloan/global/plugins/bootstrap-switch/css/bootstrap-switch.min.css HTTP/1.1" 200 6457
[20/Dec/2016 10:16:46] "GET /static/peerloan/global/plugins/select2/css/select2.min.css HTTP/1.1" 200 14909
[20/Dec/2016 10:16:46] "GET /static/peerloan/global/plugins/select2/css/select2-bootstrap.min.css HTTP/1.1" 200 15551
[20/Dec/2016 10:16:46] "GET /static/peerloan/global/plugins/uniform/css/uniform.default.css HTTP/1.1" 200 10851
[20/Dec/2016 10:16:46] "GET /static/peerloan/global/css/components.min.css HTTP/1.1" 200 505319
[20/Dec/2016 10:16:46] "GET /static/peerloan/global/plugins/bootstrap/css/bootstrap.min.css HTTP/1.1" 200 118204
[20/Dec/2016 10:16:46] "GET /static/peerloan/global/css/plugins.min.css HTTP/1.1" 200 40004
[20/Dec/2016 10:16:46] "GET /static/peerloan/global/plugins/jquery.min.js HTTP/1.1" 200 95962
[20/Dec/2016 10:16:46] "GET /static/peerloan/pages/css/login.min.css HTTP/1.1" 200 3274
[20/Dec/2016 10:16:46] "GET /static/peerloan/global/plugins/bootstrap/js/bootstrap.min.js HTTP/1.1" 200 36868
[20/Dec/2016 10:16:46] "GET /static/peerloan/global/plugins/js.cookie.min.js HTTP/1.1" 200 1738
[20/Dec/2016 10:16:46] "GET /static/peerloan/global/plugins/bootstrap-hover-dropdown/bootstrap-hover-dropdown.min.js HTTP/1.1" 200 1539
[20/Dec/2016 10:16:46] "GET /static/peerloan/global/plugins/uniform/jquery.uniform.min.js HTTP/1.1" 200 8308
[20/Dec/2016 10:16:46] "GET /static/peerloan/global/plugins/jquery-slimscroll/jquery.slimscroll.min.js HTTP/1.1" 200 5175
[20/Dec/2016 10:16:46] "GET /static/peerloan/global/plugins/jquery.blockui.min.js HTTP/1.1" 200 9569
[20/Dec/2016 10:16:46] "GET /static/peerloan/global/plugins/bootstrap-switch/js/bootstrap-switch.min.js HTTP/1.1" 200 14903
[20/Dec/2016 10:16:46] "GET /static/peerloan/global/plugins/jquery-validation/js/jquery.validate.min.js HTTP/1.1" 200 21090
[20/Dec/2016 10:16:46] "GET /static/peerloan/global/plugins/jquery-validation/js/additional-methods.min.js HTTP/1.1" 200 17210
[20/Dec/2016 10:16:46] "GET /static/peerloan/pages/scripts/login.js HTTP/1.1" 200 9483
[20/Dec/2016 10:16:46] "GET /static/peerloan/global/plugins/select2/js/select2.full.min.js HTTP/1.1" 200 71172
[20/Dec/2016 10:16:46] "GET /static/peerloan/global/scripts/app.min.js HTTP/1.1" 200 16011
[20/Dec/2016 10:16:46] "GET /static/peerloan/layouts/layout3/img/peerloan-logo-eng-large.png HTTP/1.1" 200 10705
[20/Dec/2016 10:16:46] "GET /djga/google-analytics/?&tracking_code=UA-87600922-1&p=%2Flogin%2F&r=https%3A%2F%2Fwww.zwap.hk%2Fproduct_page%2F HTTP/1.1" 200 42
[20/Dec/2016 10:16:46] "GET /static/peerloan/global/plugins/uniform/images/sprite.png HTTP/1.1" 200 31815
[20/Dec/2016 10:16:46] "GET /static/favicon.ico HTTP/1.1" 200 15086
[20/Dec/2016 10:20:02] "GET /email_request/activate_account/?token=ZX4DUJSOVV5Z880ZGBN648VVTZJ7QI6LGL5YN45JWVC11IT2HXHPXETZIMIYPKV9 HTTP/1.1" 200 4808
[20/Dec/2016 10:20:02] "GET /djga/google-analytics/?&tracking_code=UA-87600922-1&p=%2Femail_request%2Factivate_account%2F HTTP/1.1" 200 42
[20/Dec/2016 10:20:14] "GET /switch_role HTTP/1.1" 301 0
[20/Dec/2016 10:20:14] "GET /switch_role/ HTTP/1.1" 302 0
[20/Dec/2016 10:20:14] "GET /pl_admin/application HTTP/1.1" 301 0
[20/Dec/2016 10:20:14] "GET /pl_admin/application/ HTTP/1.1" 200 13291
[20/Dec/2016 10:20:14] "GET /header/application/ HTTP/1.1" 200 8162
[20/Dec/2016 10:20:14] "GET /admin_bor_list_json/?cate=application&prod_id=all&status=all&_=1482200414941 HTTP/1.1" 200 2680
[20/Dec/2016 10:20:14] "GET /static/peerloan/pages/scripts/ui-modals.min.js?_=1482200414942 HTTP/1.1" 200 178
[20/Dec/2016 10:20:54] "GET /login/ HTTP/1.1" 200 11242
[20/Dec/2016 10:20:54] "GET /djga/google-analytics/?&tracking_code=UA-87600922-1&p=%2Flogin%2F&r=https%3A%2F%2Fwww.zwap.hk%2F HTTP/1.1" 200 42
[20/Dec/2016 10:21:38] "GET /login/pl_admin/ HTTP/1.1" 200 11222
[20/Dec/2016 10:21:38] "GET /djga/google-analytics/?&tracking_code=UA-87600922-1&p=%2Flogin%2Fpl_admin%2F HTTP/1.1" 200 42
[20/Dec/2016 10:22:01] "GET /login HTTP/1.1" 301 0
[20/Dec/2016 10:22:01] "GET /login/ HTTP/1.1" 200 11242
[20/Dec/2016 10:22:01] "GET /djga/google-analytics/?&tracking_code=UA-87600922-1&p=%2Flogin%2F&r=https%3A%2F%2Fwww.zwap.hk%2F HTTP/1.1" 200 42
[20/Dec/2016 10:22:03] "POST /auth/ HTTP/1.1" 302 0
[20/Dec/2016 10:22:03] "GET /borrow_now HTTP/1.1" 301 0
[20/Dec/2016 10:22:03] "GET /borrow_now/ HTTP/1.1" 200 10522
[20/Dec/2016 10:22:03] "GET /djga/google-analytics/?&tracking_code=UA-87600922-1&p=%2Fborrow_now%2F&r=https%3A%2F%2Fplatform.zwap.hk%2Flogin%2F HTTP/1.1" 200 42
[20/Dec/2016 10:22:03] "GET /header/borrow_now/ HTTP/1.1" 200 5650
[20/Dec/2016 10:22:03] "GET /footer/ HTTP/1.1" 200 535
[20/Dec/2016 10:22:07] "GET /borrow_now/ HTTP/1.1" 200 10522
[20/Dec/2016 10:22:07] "GET /djga/google-analytics/?&tracking_code=UA-87600922-1&p=%2Fborrow_now%2F&r=https%3A%2F%2Fplatform.zwap.hk%2Flogin%2F HTTP/1.1" 200 42
[20/Dec/2016 10:22:07] "GET /footer HTTP/1.1" 301 0
[20/Dec/2016 10:22:07] "GET /header/borrow_now/ HTTP/1.1" 200 5650
[20/Dec/2016 10:22:07] "GET /footer/ HTTP/1.1" 200 535
[20/Dec/2016 10:37:24] "GET /login HTTP/1.1" 301 0
[20/Dec/2016 10:37:24] "GET /login/ HTTP/1.1" 200 11257
[20/Dec/2016 10:37:24] "GET /djga/google-analytics/?&tracking_code=UA-87600922-1&p=%2Flogin%2F&r=https%3A%2F%2Fwww.zwap.hk%2Fproduct_page%2F HTTP/1.1" 200 42
[20/Dec/2016 10:37:25] "POST /auth/ HTTP/1.1" 302 0
[20/Dec/2016 10:37:25] "GET /borrow_now HTTP/1.1" 301 0
[20/Dec/2016 10:37:25] "GET /borrow_now/ HTTP/1.1" 200 10522
[20/Dec/2016 10:37:25] "GET /djga/google-analytics/?&tracking_code=UA-87600922-1&p=%2Fborrow_now%2F&r=https%3A%2F%2Fplatform.zwap.hk%2Flogin%2F HTTP/1.1" 200 42
[20/Dec/2016 10:37:25] "GET /footer HTTP/1.1" 301 0
[20/Dec/2016 10:37:25] "GET /header/borrow_now/ HTTP/1.1" 200 5666
[20/Dec/2016 10:37:25] "GET /footer/ HTTP/1.1" 200 535
[20/Dec/2016 10:38:34] "GET /login/pl_admin/ HTTP/1.1" 200 11222
[20/Dec/2016 10:38:34] "GET /djga/google-analytics/?&tracking_code=UA-87600922-1&p=%2Flogin%2Fpl_admin%2F HTTP/1.1" 200 42
[20/Dec/2016 10:38:41] "POST /auth/ HTTP/1.1" 302 0
[20/Dec/2016 10:38:41] "GET /pl_admin/application HTTP/1.1" 301 0
[20/Dec/2016 10:38:41] "GET /pl_admin/application/ HTTP/1.1" 200 13291
[20/Dec/2016 10:38:41] "GET /header/application/ HTTP/1.1" 200 8178
[20/Dec/2016 10:38:41] "GET /admin_bor_list_json/?cate=application&prod_id=all&status=all&_=1482201521945 HTTP/1.1" 200 2680
[20/Dec/2016 10:38:41] "GET /static/peerloan/pages/scripts/ui-modals.min.js?_=1482201521946 HTTP/1.1" 200 178
[20/Dec/2016 10:38:51] "GET /pl_admin/application/detail/?bor_ref_num=LOA20161219001 HTTP/1.1" 200 91318
[20/Dec/2016 10:38:51] "GET /header/application/ HTTP/1.1" 200 8178
[20/Dec/2016 10:38:51] "GET /admin_aut_list_json/?usr_id=4&ref_id=6&model=BorrowRequest&type=BorrowRequest&_=1482201531959 HTTP/1.1" 200 895
[20/Dec/2016 10:38:51] "GET /static/peerloan/pages/scripts/ui-modals.min.js?_=1482201531960 HTTP/1.1" 200 178
[20/Dec/2016 10:38:51] "GET /footer/ HTTP/1.1" 500 4572
[20/Dec/2016 10:40:56] "GET /login HTTP/1.1" 301 0
[20/Dec/2016 10:40:56] "GET /login/ HTTP/1.1" 200 11242
[20/Dec/2016 10:40:56] "GET /static/peerloan/global/plugins/bootstrap/css/bootstrap.min.css HTTP/1.1" 304 0
[20/Dec/2016 10:40:56] "GET /static/peerloan/global/css/components.min.css HTTP/1.1" 304 0
[20/Dec/2016 10:40:56] "GET /static/peerloan/layouts/layout3/img/peerloan-logo-eng-large.png HTTP/1.1" 304 0
[20/Dec/2016 10:40:56] "GET /static/peerloan/pages/scripts/login.js HTTP/1.1" 304 0
[20/Dec/2016 10:40:56] "GET /djga/google-analytics/?&tracking_code=UA-87600922-1&p=%2Flogin%2F&r=https%3A%2F%2Fwww.zwap.hk%2F HTTP/1.1" 200 42
[20/Dec/2016 10:41:10] "POST /auth/ HTTP/1.1" 302 0
[20/Dec/2016 10:41:10] "GET /portfolio/portfolio_summary HTTP/1.1" 301 0
[20/Dec/2016 10:41:10] "GET /portfolio/portfolio_summary/ HTTP/1.1" 200 27357
[20/Dec/2016 10:41:10] "GET /static/peerloan/layouts/layout3/css/layout.css HTTP/1.1" 304 0
[20/Dec/2016 10:41:10] "GET /static/peerloan/layouts/layout3/css/themes/default.min.css HTTP/1.1" 304 0
[20/Dec/2016 10:41:10] "GET /djga/google-analytics/?&tracking_code=UA-87600922-1&p=%2Fportfolio%2Fportfolio_summary%2F&r=https%3A%2F%2Fplatform.zwap.hk%2Flogin%2F HTTP/1.1" 200 42
[20/Dec/2016 10:41:11] "GET /footer HTTP/1.1" 301 0
[20/Dec/2016 10:41:11] "GET /header/portfolio/portfolio_summary HTTP/1.1" 200 7539
[20/Dec/2016 10:41:11] "GET /footer/ HTTP/1.1" 200 539
[20/Dec/2016 10:41:11] "GET /portfolio_pie_list_json/?date=12/2016 HTTP/1.1" 200 881
[20/Dec/2016 10:41:11] "GET /portfolio_line_list_json/?trend=Outstanding%20Balance&year=2016 HTTP/1.1" 200 265
[20/Dec/2016 10:41:11] "GET /static/peerloan/layouts/layout3/img/peerloan-logo-eng-small.png HTTP/1.1" 304 0
[20/Dec/2016 10:41:19] "GET /my_account/deposit_money HTTP/1.1" 301 0
[20/Dec/2016 10:41:19] "GET /my_account/deposit_money/ HTTP/1.1" 200 16530
[20/Dec/2016 10:41:19] "GET /static/peerloan/global/plugins/bootstrap-fileinput/bootstrap-fileinput.css HTTP/1.1" 304 0
[20/Dec/2016 10:41:19] "GET /djga/google-analytics/?&tracking_code=UA-87600922-1&p=%2Fmy_account%2Fdeposit_money%2F&r=https%3A%2F%2Fplatform.zwap.hk%2Fportfolio%2Fportfolio_summary%2F HTTP/1.1" 200 42
[20/Dec/2016 10:41:19] "GET /footer HTTP/1.1" 301 0
[20/Dec/2016 10:41:19] "GET /header/my_account/deposit_money HTTP/1.1" 200 7539
[20/Dec/2016 10:41:19] "GET /footer/ HTTP/1.1" 200 539
[20/Dec/2016 10:41:25] "GET /investment/reallocate_fund HTTP/1.1" 301 0
[20/Dec/2016 10:41:25] "GET /investment/reallocate_fund/ HTTP/1.1" 200 21302
[20/Dec/2016 10:41:25] "GET /static/peerloan/global/plugins/ion.rangeslider/css/ion.rangeSlider.skinFlat.css HTTP/1.1" 200 2092
[20/Dec/2016 10:41:25] "GET /djga/google-analytics/?&tracking_code=UA-87600922-1&p=%2Finvestment%2Freallocate_fund%2F&r=https%3A%2F%2Fplatform.zwap.hk%2Fmy_account%2Fdeposit_money%2F HTTP/1.1" 200 42
[20/Dec/2016 10:41:26] "GET /footer HTTP/1.1" 301 0
[20/Dec/2016 10:41:26] "GET /header/investment/reallocate_fund HTTP/1.1" 200 7539
[20/Dec/2016 10:41:26] "GET /footer/ HTTP/1.1" 200 539
[20/Dec/2016 10:41:26] "GET /static/peerloan/global/plugins/ion.rangeslider/img/sprite-skin-flat.png HTTP/1.1" 200 304
[20/Dec/2016 10:42:01] "GET /apple-touch-icon-120x120-precomposed.png HTTP/1.1" 404 4574
[20/Dec/2016 10:42:01] "GET /apple-touch-icon-120x120.png HTTP/1.1" 404 4574
[20/Dec/2016 10:42:01] "GET /apple-touch-icon.png HTTP/1.1" 404 4574
[20/Dec/2016 10:42:01] "GET /apple-touch-icon.png HTTP/1.1" 404 4574
[20/Dec/2016 11:23:03] "GET /switch_role HTTP/1.1" 301 0
[20/Dec/2016 11:23:03] "GET /switch_role/ HTTP/1.1" 302 0
[20/Dec/2016 11:23:03] "GET /login/ HTTP/1.1" 200 11272
[20/Dec/2016 11:23:04] "GET /djga/google-analytics/?&tracking_code=UA-87600922-1&p=%2Flogin%2F&r=https%3A%2F%2Fplatform.zwap.hk%2Fpl_admin%2Fapplication%2F HTTP/1.1" 200 42
[20/Dec/2016 11:23:09] "GET /login/pl_admin/ HTTP/1.1" 200 11222
[20/Dec/2016 11:23:09] "GET /djga/google-analytics/?&tracking_code=UA-87600922-1&p=%2Flogin%2Fpl_admin%2F HTTP/1.1" 200 42
[20/Dec/2016 11:23:16] "POST /auth/ HTTP/1.1" 302 0
[20/Dec/2016 11:23:16] "GET /pl_admin/application HTTP/1.1" 301 0
[20/Dec/2016 11:23:16] "GET /pl_admin/application/ HTTP/1.1" 200 13291
[20/Dec/2016 11:23:16] "GET /header/application/ HTTP/1.1" 200 8178
[20/Dec/2016 11:23:16] "GET /admin_bor_list_json/?cate=application&prod_id=all&status=all&_=1482204196940 HTTP/1.1" 200 2680
[20/Dec/2016 11:23:16] "GET /static/peerloan/pages/scripts/ui-modals.min.js?_=1482204196941 HTTP/1.1" 200 178
[20/Dec/2016 11:23:18] "GET /switch_role HTTP/1.1" 301 0
[20/Dec/2016 11:23:18] "GET /switch_role/ HTTP/1.1" 302 0
[20/Dec/2016 11:23:18] "GET /pl_admin/application HTTP/1.1" 301 0
[20/Dec/2016 11:23:18] "GET /pl_admin/application/ HTTP/1.1" 200 12264
[20/Dec/2016 11:23:18] "GET /header/application/ HTTP/1.1" 200 7592
[20/Dec/2016 11:23:18] "GET /uor_list_json/?data_src=apply_to_be_investor&status=all&_=1482204198581 HTTP/1.1" 200 977
[20/Dec/2016 11:23:18] "GET /static/peerloan/pages/scripts/ui-modals.min.js?_=1482204198582 HTTP/1.1" 200 178
[20/Dec/2016 11:38:56] "GET /login HTTP/1.1" 301 0
[20/Dec/2016 11:38:56] "GET /login/ HTTP/1.1" 200 11249
[20/Dec/2016 11:38:56] "GET /static/peerloan/global/plugins/font-awesome/css/font-awesome.min.css HTTP/1.1" 200 26711
[20/Dec/2016 11:38:56] "GET /static/peerloan/global/plugins/simple-line-icons/simple-line-icons.min.css HTTP/1.1" 200 9562
[20/Dec/2016 11:38:56] "GET /static/peerloan/global/plugins/bootstrap/css/bootstrap.min.css HTTP/1.1" 200 118204
[20/Dec/2016 11:38:56] "GET /static/peerloan/global/plugins/uniform/css/uniform.default.css HTTP/1.1" 200 10851
[20/Dec/2016 11:38:56] "GET /static/peerloan/global/plugins/select2/css/select2.min.css HTTP/1.1" 200 14909
[20/Dec/2016 11:38:56] "GET /static/peerloan/global/plugins/bootstrap-switch/css/bootstrap-switch.min.css HTTP/1.1" 200 6457
[20/Dec/2016 11:38:56] "GET /static/peerloan/global/plugins/select2/css/select2-bootstrap.min.css HTTP/1.1" 200 15551
[20/Dec/2016 11:38:56] "GET /static/peerloan/global/css/plugins.min.css HTTP/1.1" 200 40004
[20/Dec/2016 11:38:56] "GET /static/peerloan/global/plugins/jquery.min.js HTTP/1.1" 200 95962
[20/Dec/2016 11:38:56] "GET /static/peerloan/global/css/components.min.css HTTP/1.1" 200 505319
[20/Dec/2016 11:38:56] "GET /static/peerloan/pages/css/login.min.css HTTP/1.1" 200 3274
[20/Dec/2016 11:38:57] "GET /static/peerloan/global/plugins/bootstrap/js/bootstrap.min.js HTTP/1.1" 200 36868
[20/Dec/2016 11:38:57] "GET /static/peerloan/global/plugins/js.cookie.min.js HTTP/1.1" 200 1738
[20/Dec/2016 11:38:57] "GET /static/peerloan/global/plugins/bootstrap-hover-dropdown/bootstrap-hover-dropdown.min.js HTTP/1.1" 200 1539
[20/Dec/2016 11:38:57] "GET /static/peerloan/global/plugins/jquery-slimscroll/jquery.slimscroll.min.js HTTP/1.1" 200 5175
[20/Dec/2016 11:38:57] "GET /static/peerloan/global/plugins/jquery.blockui.min.js HTTP/1.1" 200 9569
[20/Dec/2016 11:38:57] "GET /static/peerloan/global/plugins/uniform/jquery.uniform.min.js HTTP/1.1" 200 8308
[20/Dec/2016 11:38:57] "GET /static/peerloan/global/plugins/bootstrap-switch/js/bootstrap-switch.min.js HTTP/1.1" 200 14903
[20/Dec/2016 11:38:57] "GET /static/peerloan/global/plugins/jquery-validation/js/jquery.validate.min.js HTTP/1.1" 200 21090
[20/Dec/2016 11:38:57] "GET /static/peerloan/global/plugins/jquery-validation/js/additional-methods.min.js HTTP/1.1" 200 17210
[20/Dec/2016 11:38:57] "GET /static/peerloan/global/plugins/select2/js/select2.full.min.js HTTP/1.1" 200 71172
[20/Dec/2016 11:38:57] "GET /static/peerloan/global/scripts/app.min.js HTTP/1.1" 200 16011
[20/Dec/2016 11:38:57] "GET /static/peerloan/pages/scripts/login.js HTTP/1.1" 200 9483
[20/Dec/2016 11:38:57] "GET /static/peerloan/layouts/layout3/img/peerloan-logo-eng-large.png HTTP/1.1" 200 10705
[20/Dec/2016 11:38:58] "GET /static/peerloan/global/plugins/uniform/images/sprite.png HTTP/1.1" 200 31815
[20/Dec/2016 11:38:58] "GET /static/favicon.ico HTTP/1.1" 200 15086
[20/Dec/2016 11:39:24] "GET /login/ HTTP/1.1" 200 11259
[20/Dec/2016 11:39:52] "GET /login HTTP/1.1" 301 0
[20/Dec/2016 11:39:52] "GET /login/ HTTP/1.1" 200 11249
